<?xml version="1.0" encoding="UTF-8"?>
<testng-results skipped="0" failed="0" ignored="0" total="1" passed="1">
  <reporter-output>
  </reporter-output>
  <suite name="Suite" duration-ms="7208" started-at="2017-02-17T04:33:56Z" finished-at="2017-02-17T04:34:04Z">
    <groups>
    </groups>
    <test name="Test2" duration-ms="7208" started-at="2017-02-17T04:33:56Z" finished-at="2017-02-17T04:34:04Z">
      <class name="com.abc.tests.JsonTest">
        <test-method status="PASS" signature="setup()[pri:0, instance:com.abc.tests.JsonTest@57baeedf]" name="setup" is-config="true" duration-ms="6362" started-at="2017-02-17T15:33:56Z" finished-at="2017-02-17T15:34:03Z">
          <reporter-output>
          </reporter-output>
        </test-method> <!-- setup -->
        <test-method status="PASS" signature="verifyJsonOutput(java.lang.String, java.lang.String)[pri:0, instance:com.abc.tests.JsonTest@57baeedf]" name="verifyJsonOutput" duration-ms="357" started-at="2017-02-17T15:34:03Z" finished-at="2017-02-17T15:34:03Z">
          <params>
            <param index="0">
              <value>
                <![CDATA[http://program.abcradio.net.au/api/v1/programs/ppxa2Amj2b.json]]>
              </value>
            </param>
            <param index="1">
              <value>
                <![CDATA[src/ppxa2Amj2b.json]]>
              </value>
            </param>
          </params>
          <reporter-output>
          </reporter-output>
        </test-method> <!-- verifyJsonOutput -->
        <test-method status="PASS" signature="tearDown()[pri:0, instance:com.abc.tests.JsonTest@57baeedf]" name="tearDown" is-config="true" duration-ms="487" started-at="2017-02-17T15:34:03Z" finished-at="2017-02-17T15:34:04Z">
          <reporter-output>
          </reporter-output>
        </test-method> <!-- tearDown -->
      </class> <!-- com.abc.tests.JsonTest -->
    </test> <!-- Test2 -->
  </suite> <!-- Suite -->
</testng-results>
